TN:
SF:src/repository/mockCatalog.repository.ts
FN:5,create
FN:12,update
FN:15,delete
FN:18,find
FN:21,findOne
FNF:5
FNH:2
FNDA:1,create
FNDA:1,update
FNDA:0,delete
FNDA:0,find
FNDA:0,findOne
DA:1,1
DA:2,1
DA:3,1
DA:4,1
DA:5,1
DA:6,1
DA:7,1
DA:8,1
DA:9,1
DA:10,1
DA:11,1
DA:12,1
DA:13,1
DA:14,1
DA:15,1
DA:16,0
DA:17,0
DA:18,1
DA:19,0
DA:20,0
DA:21,1
DA:22,0
DA:23,0
DA:24,1
LF:24
LH:18
BRDA:5,0,0,1
BRDA:12,1,0,1
BRF:2
BRH:2
end_of_record
TN:
SF:src/services/catalog.service.ts
FN:3,<instance_members_initializer>
FN:6,CatalogService
FN:10,createProduct
FN:18,updateProduct
FN:25,getProducts
FN:31,getProduct
FN:36,deleteProduct
FNF:7
FNH:7
FNDA:9,<instance_members_initializer>
FNDA:9,CatalogService
FNDA:3,createProduct
FNDA:2,updateProduct
FNDA:2,getProducts
FNDA:1,getProduct
FNDA:1,deleteProduct
DA:1,1
DA:2,1
DA:3,9
DA:4,9
DA:5,9
DA:6,9
DA:7,9
DA:8,9
DA:9,9
DA:10,9
DA:11,3
DA:12,3
DA:13,1
DA:14,1
DA:15,1
DA:16,1
DA:17,9
DA:18,9
DA:19,2
DA:20,1
DA:21,1
DA:22,1
DA:23,9
DA:24,9
DA:25,9
DA:26,2
DA:27,1
DA:28,1
DA:29,1
DA:30,9
DA:31,9
DA:32,1
DA:33,1
DA:34,1
DA:35,9
DA:36,9
DA:37,1
DA:38,1
DA:39,1
DA:40,1
DA:41,9
LF:41
LH:41
BRDA:3,0,0,9
BRDA:6,1,0,9
BRDA:10,2,0,3
BRDA:12,3,0,2
BRDA:12,4,0,1
BRDA:18,5,0,2
BRDA:20,6,0,1
BRDA:25,7,0,2
BRDA:27,8,0,1
BRDA:31,9,0,1
BRDA:36,10,0,1
BRF:11
BRH:11
end_of_record
