TN:
SF:src/api/catelog.routes.ts
FNF:0
FNH:0
DA:1,1
DA:2,1
DA:3,1
DA:4,1
DA:5,1
DA:6,1
DA:7,1
DA:8,1
DA:9,1
DA:10,1
DA:11,1
DA:12,1
DA:13,1
DA:14,3
DA:15,3
DA:16,3
DA:17,3
DA:18,3
DA:19,3
DA:20,3
DA:21,2
DA:22,1
DA:23,1
DA:24,1
DA:25,1
DA:26,1
DA:27,1
DA:28,3
DA:29,1
DA:30,1
DA:31,1
LF:31
LH:31
BRDA:13,0,0,3
BRDA:20,1,0,1
BRDA:21,2,0,2
BRDA:22,3,0,1
BRF:4
BRH:4
end_of_record
TN:
SF:src/dto/product.dto.ts
FN:3,<instance_members_initializer>
FNF:1
FNH:1
FNDA:3,<instance_members_initializer>
DA:1,1
DA:2,1
DA:3,3
DA:4,3
DA:5,3
DA:6,3
DA:7,3
DA:8,3
DA:9,3
DA:10,3
DA:11,3
DA:12,3
DA:13,3
DA:14,3
DA:15,3
DA:16,3
DA:17,3
LF:17
LH:17
BRDA:3,0,0,3
BRF:1
BRH:1
end_of_record
TN:
SF:src/repository/catalog.repository.ts
FN:5,update
FN:8,delete
FN:11,find
FN:14,findOne
FN:17,create
FNF:5
FNH:0
FNDA:0,update
FNDA:0,delete
FNDA:0,find
FNDA:0,findOne
FNDA:0,create
DA:1,1
DA:2,1
DA:3,1
DA:4,1
DA:5,1
DA:6,0
DA:7,0
DA:8,1
DA:9,0
DA:10,0
DA:11,1
DA:12,0
DA:13,0
DA:14,1
DA:15,0
DA:16,0
DA:17,1
DA:18,0
DA:19,0
DA:20,1
DA:21,1
LF:21
LH:11
BRF:0
BRH:0
end_of_record
TN:
SF:src/repository/mockCatalog.repository.ts
FN:5,create
FN:12,update
FN:15,delete
FN:18,find
FN:21,findOne
FNF:5
FNH:2
FNDA:1,create
FNDA:1,update
FNDA:0,delete
FNDA:0,find
FNDA:0,findOne
DA:1,1
DA:2,1
DA:3,1
DA:4,1
DA:5,1
DA:6,1
DA:7,1
DA:8,1
DA:9,1
DA:10,1
DA:11,1
DA:12,1
DA:13,1
DA:14,1
DA:15,1
DA:16,0
DA:17,0
DA:18,1
DA:19,0
DA:20,0
DA:21,1
DA:22,0
DA:23,0
DA:24,1
LF:24
LH:18
BRDA:5,0,0,1
BRDA:12,1,0,1
BRF:2
BRH:2
end_of_record
TN:
SF:src/services/catalog.service.ts
FN:3,<instance_members_initializer>
FN:6,CatalogService
FN:10,createProduct
FN:18,updateProduct
FN:25,getProducts
FN:31,getProduct
FN:36,deleteProduct
FNF:7
FNH:7
FNDA:10,<instance_members_initializer>
FNDA:10,CatalogService
FNDA:3,createProduct
FNDA:2,updateProduct
FNDA:2,getProducts
FNDA:1,getProduct
FNDA:1,deleteProduct
DA:1,1
DA:2,1
DA:3,10
DA:4,10
DA:5,10
DA:6,10
DA:7,10
DA:8,10
DA:9,10
DA:10,10
DA:11,3
DA:12,3
DA:13,1
DA:14,1
DA:15,1
DA:16,1
DA:17,10
DA:18,10
DA:19,2
DA:20,1
DA:21,1
DA:22,1
DA:23,10
DA:24,10
DA:25,10
DA:26,2
DA:27,1
DA:28,1
DA:29,1
DA:30,10
DA:31,10
DA:32,1
DA:33,1
DA:34,1
DA:35,10
DA:36,10
DA:37,1
DA:38,1
DA:39,1
DA:40,1
DA:41,10
LF:41
LH:41
BRDA:3,0,0,10
BRDA:6,1,0,10
BRDA:10,2,0,3
BRDA:12,3,0,2
BRDA:12,4,0,1
BRDA:18,5,0,2
BRDA:20,6,0,1
BRDA:25,7,0,2
BRDA:27,8,0,1
BRDA:31,9,0,1
BRDA:36,10,0,1
BRF:11
BRH:11
end_of_record
TN:
SF:src/utils/fixtures/index.ts
FNF:0
FNH:0
DA:1,1
DA:2,1
DA:3,1
DA:4,1
DA:5,1
DA:6,1
DA:7,1
DA:8,1
DA:9,1
DA:10,1
LF:10
LH:10
BRF:0
BRH:0
end_of_record
TN:
SF:src/utils/fixtures/requestValidator.ts
FN:4,validationError
FN:18,RequestValidator
FNF:2
FNH:2
FNDA:3,validationError
FNDA:3,RequestValidator
DA:1,1
DA:2,1
DA:3,1
DA:4,1
DA:5,3
DA:6,3
DA:7,3
DA:8,3
DA:9,3
DA:10,3
DA:11,3
DA:12,1
DA:13,1
DA:14,2
DA:15,2
DA:16,2
DA:17,1
DA:18,1
DA:19,3
DA:20,3
DA:21,3
DA:22,3
DA:23,3
DA:24,3
DA:25,3
DA:26,1
DA:27,1
DA:28,1
DA:29,1
DA:30,1
DA:31,1
DA:32,1
DA:33,2
DA:34,2
DA:35,2
LF:35
LH:35
BRDA:4,0,0,3
BRDA:11,1,0,1
BRDA:14,2,0,2
BRDA:18,3,0,3
BRDA:25,4,0,1
BRDA:33,5,0,2
BRDA:27,6,0,1
BRF:7
BRH:7
end_of_record
